
ECE6560 course project
adding noise...
	Gray Scale Image saved in: images/lena_bw.png
	Image with Poisson noise saved in: images/lena_poisson.png
	Image with Salt & Pepper noise saved in: images/lena_salt_and_pepper.png


 Applying Median Filtering to the noisy Images
	Image with Poisson noise with median filter saved in: images/lena_poisson_median_filtered.png
	Image with S&P noise with Median filter saved in: images/lena_salt_pepper_median_filtered.png


Applying PDE for the noisy Image
	PDE with Poisson noise image saved in: images/PDE_lena_poisson.png

Analyzing the PSNR of Poisson Noisy Image
	PSNR result save in: images/PSNR_Poisson.jpg
	PSNR for Poisson with k = 0.1 in iterations 80 is: 
		[27.17361545025423, 25.50750625606952, 24.592327279922493, 23.944075108876973, 23.444400517965043]

Applying PDE for the noisy Image
	PDE with Salt & Pepper noise image saved in: images/PDE_lena_salt_and_pepper.png

Analyzing the PSNR of Salt & Pepper Noisy Image
	PSNR result save in: images/PSNR_Salt & Pepper.jpg
	PSNR for Salt & Pepper with k = 0.1 in iterations 80 is: 
		[18.375454213202737, 19.676057825009167, 21.419360924177788, 22.560607770234412, 22.951019311419337]

comparing the effects of different k...
	PSNR for Poisson nosie image :  [-42.440854551729075, -42.44091577002163, -42.44097006587352, -42.441018347438984, -42.441061873081914, -42.441102167081304, -42.44114003248241, -42.441175531322415, -42.4412086907525, -42.44123963343589, -42.44126865837913, -42.441296216093775, -42.44132275814298, -42.4413485298843, -42.4413736423317, -42.441398130117264, -42.44142196638701, -42.44144507894682, -42.44146737093299, -42.441488741119706, -42.441509098192014, -42.44152836750573, -42.44154649548929, -42.44156345501456, -42.441579249116984, -42.44159390911023, -42.441607486983585, -42.44162004555363, -42.441631650093385, -42.44164236329519, -42.44165224355414, -42.44166134553911, -42.44166972174434, -42.44167742390951, -42.441684503662984, -42.44169101228194, -42.44169699985746, -42.441702514283136, -42.44170760039807, -42.44171229944221, -42.441716648835175, -42.4417206822114, -42.44172442962312, -42.441727917834115, -42.44173117064848, -42.44173420923958, -42.44173705245959, -42.44173971712076, -42.441742218245615, -42.44174456928646, -42.441746782316855, -42.44174886819775, -42.44175083672158, -42.44175269673711, -42.441754456257776, -42.44175612255585]

comparing the effects of different k...
	PSNR for Salt & Pepper nosie image :  [-42.44092991240146, -42.440985146698864, -42.441035916484175, -42.44108327222981, -42.4411273709866, -42.441168285757016, -42.44120651228836, -42.44124237402369, -42.441275988025126, -42.44130712038288, -42.441336249519594, -42.441363956331735, -42.44139069200702, -42.441416696626106, -42.44144207706654, -42.44146685686079, -42.44149099468583, -42.44151440342335, -42.441536970156825, -42.441558575846884, -42.441579112277026, -42.4415984937188, -42.44161666481186, -42.44163360545352, -42.441649330680384, -42.44166388429599, -42.441677328357045, -42.44168973251903, -42.441701166353035, -42.44171169561551, -42.441721381744486, -42.44173028310886, -42.44173845657549, -42.441745958449076, -42.44175284447601, -42.44175916911531, -42.44176498450813, -42.4417703395375, -42.441775279195014, -42.44177984429974, -42.44178407150967, -42.44178799353148, -42.4417916394401, -42.441795035042816, -42.44179820324628, -42.44180116440254, -42.44180393662369, -42.44180653606111, -42.44180897715012, -42.44181127282276, -42.44181343469204, -42.44181547321105, -42.4418173978108, -42.4418192170193, -42.44182093856482, -42.44182256946567]


done...
